2023-10-18 03:00:40.9043|DEBUG|Program|location of wsfscservice is: C:\Users\Adam\.nuget\packages\websharper.fsharp\7.0.1.342-beta2\tools\net6.0\win-x64 (server side)
2023-10-18 03:00:40.9043|DEBUG|Program|pipename is: C:\Users\Adam\.nuget\packages\websharper.fsharp\7.0.1.342-beta2\tools\net6.0\win-x64 (server side)
2023-10-18 03:00:40.9043|DEBUG|Program|Compiling C:\talks\20231025-MSStage\src\client\Client.fsproj
2023-10-18 03:00:41.6307|TRACE|Program|Server sends: n: F# compilation: 00:00:00.7270136
2023-10-18 03:00:42.4154|TRACE|Program|Server sends: n: Checking project: 00:00:00.7847327
2023-10-18 03:00:42.4154|TRACE|Program|Server sends: n: Waiting on merged metadata: 00:00:00.0034870
2023-10-18 03:00:42.4792|TRACE|Program|Server sends: n: Parsing with FCS: 00:00:00.0603305
2023-10-18 03:00:42.4792|TRACE|Program|Server sends: n: Analyzing function arguments: 00:00:00.0021231
2023-10-18 03:00:42.4792|TRACE|Program|Server sends: n: Resolving names: 00:00:00.0013288
2023-10-18 03:00:42.5559|TRACE|Program|Server sends: n: WebSharper translation: 00:00:00.0732605
2023-10-18 03:00:42.5559|TRACE|Program|Server sends: n: Source position transformations: 00:00:00.0021431
2023-10-18 03:00:42.5559|TRACE|Program|Server sends: n: Packaging assembly: 00:00:00.0012520
2023-10-18 03:00:42.5691|TRACE|Program|Server sends: n: Writing MyApp.Forms.Widgets.ValidatedTextboxArgs.js: 00:00:00.0098159
2023-10-18 03:00:42.5691|TRACE|Program|Server sends: n: Writing MyApp.Forms.Widgets.js: 00:00:00.0015193
2023-10-18 03:00:42.5691|TRACE|Program|Server sends: n: Writing MyApp.Forms.js: 00:00:00.0013313
2023-10-18 03:00:42.5691|TRACE|Program|Server sends: n: Writing Charts.js: 00:00:00.0011479
2023-10-18 03:00:42.5691|TRACE|Program|Server sends: n: Writing MyApp.Client.EndPoint.js: 00:00:00.0005421
2023-10-18 03:00:42.5691|TRACE|Program|Server sends: n: Writing MyApp.Client.Widgets.js: 00:00:00.0006434
2023-10-18 03:00:42.5691|TRACE|Program|Server sends: n: Writing MyApp.Client.js: 00:00:00.0004923
2023-10-18 03:00:42.5691|TRACE|Program|Server sends: n: Writing $StartupCode_App.js: 00:00:00.0008297
2023-10-18 03:00:42.5691|TRACE|Program|Server sends: n: Writing $Generated.js: 00:00:00.0008658
2023-10-18 03:00:42.5691|TRACE|Program|Server sends: n: Writing $EntryPoint.js: 00:00:00.0009656
2023-10-18 03:00:42.5691|TRACE|Program|Server sends: n: Writing .d.ts files: 00:00:00.0018958
2023-10-18 03:00:42.5691|TRACE|Program|Server sends: n: Hashing resources: 00:00:00.0007317
2023-10-18 03:00:42.5838|TRACE|Program|Server sends: n: Serializing metadata: 00:00:00.0036544
2023-10-18 03:00:42.5838|TRACE|Program|Server sends: n: Writing resources into assembly: 00:00:00.0066597
2023-10-18 03:00:42.5838|TRACE|Program|Server sends: n: Unpacking into C:\talks\20231025-MSStage\src\client\./
2023-10-18 03:00:42.8476|TRACE|Program|Server sends: n: Unpacking: 00:00:00.2571550
2023-10-18 03:00:42.8509|TRACE|Program|Server sends: x: 0
